<?xml version="1.0" encoding="UTF-8"?>
<testng-results ignored="0" total="1" passed="1" failed="0" skipped="0">
  <reporter-output>
  </reporter-output>
  <suite started-at="2022-11-24T16:48:45 IST" name="Default suite" finished-at="2022-11-24T16:49:08 IST" duration-ms="22958">
    <groups>
    </groups>
    <test started-at="2022-11-24T16:48:45 IST" name="Default test" finished-at="2022-11-24T16:49:08 IST" duration-ms="22958">
      <class name="Pom_Ddf_TestNG_Baseclass_UtilityClass.UpstoxLoginTest1">
        <test-method is-config="true" signature="Openbrowser()[pri:0, instance:Pom_Ddf_TestNG_Baseclass_UtilityClass.UpstoxLoginTest1@21e360a]" started-at="2022-11-24T16:48:45 IST" name="Openbrowser" finished-at="2022-11-24T16:48:49 IST" duration-ms="3796" status="PASS">
          <reporter-output>
          </reporter-output>
        </test-method> <!-- Openbrowser -->
        <test-method is-config="true" signature="loginToApp()[pri:0, instance:Pom_Ddf_TestNG_Baseclass_UtilityClass.UpstoxLoginTest1@21e360a]" started-at="2022-11-24T16:48:49 IST" name="loginToApp" finished-at="2022-11-24T16:49:01 IST" duration-ms="12199" status="PASS">
          <reporter-output>
          </reporter-output>
        </test-method> <!-- loginToApp -->
        <test-method signature="verifyuserid()[pri:0, instance:Pom_Ddf_TestNG_Baseclass_UtilityClass.UpstoxLoginTest1@21e360a]" started-at="2022-11-24T16:49:01 IST" name="verifyuserid" finished-at="2022-11-24T16:49:01 IST" duration-ms="188" status="PASS">
          <reporter-output>
          </reporter-output>
        </test-method> <!-- verifyuserid -->
        <test-method is-config="true" signature="logoutFromapp()[pri:0, instance:Pom_Ddf_TestNG_Baseclass_UtilityClass.UpstoxLoginTest1@21e360a]" started-at="2022-11-24T16:49:01 IST" name="logoutFromapp" finished-at="2022-11-24T16:49:08 IST" duration-ms="6439" status="PASS">
          <reporter-output>
          </reporter-output>
        </test-method> <!-- logoutFromapp -->
        <test-method is-config="true" signature="closeBrowser()[pri:0, instance:Pom_Ddf_TestNG_Baseclass_UtilityClass.UpstoxLoginTest1@21e360a]" started-at="2022-11-24T16:49:08 IST" name="closeBrowser" finished-at="2022-11-24T16:49:08 IST" duration-ms="261" status="PASS">
          <reporter-output>
          </reporter-output>
        </test-method> <!-- closeBrowser -->
      </class> <!-- Pom_Ddf_TestNG_Baseclass_UtilityClass.UpstoxLoginTest1 -->
    </test> <!-- Default test -->
  </suite> <!-- Default suite -->
</testng-results>
